<?xml version="1.0" encoding="UTF-8"?>
<testng-results total="1" passed="1" failed="0" skipped="0">
  <reporter-output>
  </reporter-output>
  <suite started-at="2023-10-24T12:12:35Z" name="Suite" finished-at="2023-10-24T12:12:45Z" duration-ms="10140">
    <groups>
    </groups>
    <test started-at="2023-10-24T12:12:35Z" name="Test" finished-at="2023-10-24T12:12:45Z" duration-ms="10140">
      <class name="TestNG.com.TestNGDemo.DemoTest">
        <test-method is-config="true" signature="beforeTest()[pri:0, instance:TestNG.com.TestNGDemo.DemoTest@5be49b60]" started-at="2023-10-24T17:42:35Z" name="beforeTest" finished-at="2023-10-24T17:42:41Z" duration-ms="5930" status="PASS">
          <reporter-output>
          </reporter-output>
        </test-method> <!-- beforeTest -->
        <test-method signature="validation()[pri:0, instance:TestNG.com.TestNGDemo.DemoTest@5be49b60]" started-at="2023-10-24T17:42:41Z" name="validation" finished-at="2023-10-24T17:42:45Z" duration-ms="3957" status="PASS">
          <reporter-output>
          </reporter-output>
        </test-method> <!-- validation -->
        <test-method is-config="true" signature="afterTest()[pri:0, instance:TestNG.com.TestNGDemo.DemoTest@5be49b60]" started-at="2023-10-24T17:42:45Z" name="afterTest" finished-at="2023-10-24T17:42:45Z" duration-ms="243" status="PASS">
          <reporter-output>
          </reporter-output>
        </test-method> <!-- afterTest -->
      </class> <!-- TestNG.com.TestNGDemo.DemoTest -->
    </test> <!-- Test -->
  </suite> <!-- Suite -->
</testng-results>
