<?xml version="1.0" encoding="UTF-8"?>
<testng-results ignored="0" total="3" passed="3" failed="0" skipped="0">
  <reporter-output>
  </reporter-output>
  <suite started-at="2023-10-31T10:02:31 IST" name="Default suite" finished-at="2023-10-31T10:03:04 IST" duration-ms="33024">
    <groups>
    </groups>
    <test started-at="2023-10-31T10:02:31 IST" name="Default test" finished-at="2023-10-31T10:03:04 IST" duration-ms="33024">
      <class name="com.sauceDemo.LoginTest">
        <test-method is-config="true" signature="setUp()[pri:0, instance:com.sauceDemo.LoginTest@1ffaf86]" started-at="2023-10-31T10:02:31 IST" name="setUp" finished-at="2023-10-31T10:02:37 IST" duration-ms="5822" status="PASS">
          <reporter-output>
          </reporter-output>
        </test-method> <!-- setUp -->
        <test-method signature="loginTest(java.lang.String,java.lang.String)[pri:0, instance:com.sauceDemo.LoginTest@1ffaf86]" started-at="2023-10-31T10:02:37 IST" name="loginTest" data-provider="data" finished-at="2023-10-31T10:02:38 IST" duration-ms="926" status="PASS">
          <params>
            <param index="0">
              <value>
                <![CDATA[standard_user]]>
              </value>
            </param>
            <param index="1">
              <value>
                <![CDATA[secret_sauce]]>
              </value>
            </param>
          </params>
          <reporter-output>
          </reporter-output>
        </test-method> <!-- loginTest -->
        <test-method is-config="true" signature="setUp()[pri:0, instance:com.sauceDemo.LoginTest@1ffaf86]" started-at="2023-10-31T10:02:38 IST" name="setUp" finished-at="2023-10-31T10:02:46 IST" duration-ms="7352" status="PASS">
          <reporter-output>
          </reporter-output>
        </test-method> <!-- setUp -->
        <test-method signature="loginTest(java.lang.String,java.lang.String)[pri:0, instance:com.sauceDemo.LoginTest@1ffaf86]" started-at="2023-10-31T10:02:46 IST" name="loginTest" data-provider="data" finished-at="2023-10-31T10:02:47 IST" duration-ms="1181" status="PASS">
          <params>
            <param index="0">
              <value>
                <![CDATA[problem_user]]>
              </value>
            </param>
            <param index="1">
              <value>
                <![CDATA[secret_sauce]]>
              </value>
            </param>
          </params>
          <reporter-output>
          </reporter-output>
        </test-method> <!-- loginTest -->
        <test-method is-config="true" signature="setUp()[pri:0, instance:com.sauceDemo.LoginTest@1ffaf86]" started-at="2023-10-31T10:02:47 IST" name="setUp" finished-at="2023-10-31T10:02:58 IST" duration-ms="10879" status="PASS">
          <reporter-output>
          </reporter-output>
        </test-method> <!-- setUp -->
        <test-method signature="loginTest(java.lang.String,java.lang.String)[pri:0, instance:com.sauceDemo.LoginTest@1ffaf86]" started-at="2023-10-31T10:02:58 IST" name="loginTest" data-provider="data" finished-at="2023-10-31T10:03:04 IST" duration-ms="6144" status="PASS">
          <params>
            <param index="0">
              <value>
                <![CDATA[performance_glitch_user]]>
              </value>
            </param>
            <param index="1">
              <value>
                <![CDATA[secret_sauce]]>
              </value>
            </param>
          </params>
          <reporter-output>
          </reporter-output>
        </test-method> <!-- loginTest -->
        <test-method is-config="true" signature="end()[pri:0, instance:com.sauceDemo.LoginTest@1ffaf86]" started-at="2023-10-31T10:03:04 IST" name="end" finished-at="2023-10-31T10:03:04 IST" duration-ms="1" status="PASS">
          <reporter-output>
          </reporter-output>
        </test-method> <!-- end -->
      </class> <!-- com.sauceDemo.LoginTest -->
    </test> <!-- Default test -->
  </suite> <!-- Default suite -->
</testng-results>
