<?xml version="1.0" encoding="UTF-8"?>
<!-- Generated by org.testng.reporters.JUnitXMLReporter -->
<testsuite ignored="1" hostname="TMZ-DPC-2175" failures="0" tests="2" name="Test" time="25.142" errors="0" timestamp="2023-10-31T13:02:14 IST">
  <testcase classname="com.TestNGASSESSMENT.Test.TestNG.RegisterTest" name="register" time="9.998"/>
  <testcase classname="com.TestNGASSESSMENT.Test.TestNG.LoginTest" name="loginTest" time="1.434"/>
  <testcase classname="com.TestNGASSESSMENT.Test.TestNG.BaseTest" name="@BeforeTest setUp" time="0.0">
    <ignored/>
  </testcase> <!-- @BeforeTest setUp -->
</testsuite> <!-- Test -->
