<?xml version="1.0" encoding="UTF-8"?>
<!-- Generated by org.testng.reporters.JUnitXMLReporter -->
<testsuite ignored="0" hostname="TMZ-DPC-2175" failures="0" tests="2" name="Firefox Test" time="9.324" errors="0" timestamp="2023-10-25T18:43:21 IST">
  <testcase classname="TestNG.com.TestNGDemo.paramters" name="InvalidCredentials" time="0.0">
    <skipped/>
  </testcase> <!-- InvalidCredentials -->
  <testcase classname="TestNG.com.TestNGDemo.paramters" name="validCredentials" time="0.0">
    <skipped/>
  </testcase> <!-- validCredentials -->
</testsuite> <!-- Firefox Test -->
