<?xml version="1.0" encoding="UTF-8"?>
<!-- Generated by org.testng.reporters.JUnitXMLReporter -->
<testsuite ignored="1" hostname="TMZ-DPC-2175" failures="2" tests="2" name="TQA" time="0.065" errors="0" timestamp="2023-10-25T15:43:05 IST">
  <testcase classname="TestNG.com.TestNGDemo.TutorialNinja" name="registration" time="0.011">
    <failure type="java.lang.IllegalArgumentException" message="Driver must be set">
      <![CDATA[java.lang.IllegalArgumentException: Driver must be set
at org.openqa.selenium.internal.Require.nonNull(Require.java:60)
at org.openqa.selenium.interactions.Actions.<init>(Actions.java:59)
at TestNG.com.TestNGDemo.TutorialNinja.registration(TutorialNinja.java:23)
at java.base/java.util.ArrayList.forEach(ArrayList.java:1511)
... Removed 27 stack frames]]>
    </failure>
  </testcase> <!-- registration -->
  <testcase classname="TestNG.com.TestNGDemo.TutorialNinja" name="logIn" time="0.001">
    <failure type="java.lang.IllegalArgumentException" message="Driver must be set">
      <![CDATA[java.lang.IllegalArgumentException: Driver must be set
at org.openqa.selenium.internal.Require.nonNull(Require.java:60)
at org.openqa.selenium.interactions.Actions.<init>(Actions.java:59)
at TestNG.com.TestNGDemo.TutorialNinja.logIn(TutorialNinja.java:36)
at java.base/java.util.ArrayList.forEach(ArrayList.java:1511)
... Removed 27 stack frames]]>
    </failure>
  </testcase> <!-- logIn -->
  <testcase classname="TestNG.com.TestNGDemo.TutorialNinja" name="wishList" time="0.0">
    <ignored/>
  </testcase> <!-- wishList -->
</testsuite> <!-- TQA -->
