<?xml version="1.0" encoding="UTF-8"?>
<testng-results ignored="0" total="2" passed="2" failed="0" skipped="0">
  <reporter-output>
  </reporter-output>
  <suite started-at="2023-10-31T13:01:49 IST" name="Suite" finished-at="2023-10-31T13:02:14 IST" duration-ms="25142">
    <groups>
    </groups>
    <test started-at="2023-10-31T13:01:49 IST" name="Test" finished-at="2023-10-31T13:02:14 IST" duration-ms="25142">
      <class name="com.TestNGASSESSMENT.Test.TestNG.LoginTest">
        <test-method signature="loginTest(java.lang.String,java.lang.String)[pri:1, instance:com.TestNGASSESSMENT.Test.TestNG.LoginTest@54422e18]" started-at="2023-10-31T13:02:13 IST" name="loginTest" data-provider="data1" finished-at="2023-10-31T13:02:14 IST" duration-ms="1434" status="PASS">
          <params>
            <param index="0">
              <value>
                <![CDATA[logeshsrinivas@gmail.com]]>
              </value>
            </param>
            <param index="1">
              <value>
                <![CDATA[Logesh@11]]>
              </value>
            </param>
          </params>
          <reporter-output>
          </reporter-output>
        </test-method> <!-- loginTest -->
        <test-method is-config="true" signature="close()[pri:0, instance:com.TestNGASSESSMENT.Test.TestNG.LoginTest@54422e18]" started-at="2023-10-31T13:02:14 IST" name="close" finished-at="2023-10-31T13:02:14 IST" duration-ms="1" status="PASS">
          <reporter-output>
          </reporter-output>
        </test-method> <!-- close -->
      </class> <!-- com.TestNGASSESSMENT.Test.TestNG.LoginTest -->
      <class name="com.TestNGASSESSMENT.Test.TestNG.RegisterTest">
        <test-method is-config="true" signature="setUp()[pri:0, instance:com.TestNGASSESSMENT.Test.TestNG.RegisterTest@76b1e9b8]" started-at="2023-10-31T13:01:49 IST" name="setUp" finished-at="2023-10-31T13:02:02 IST" duration-ms="13057" status="PASS">
          <reporter-output>
          </reporter-output>
        </test-method> <!-- setUp -->
        <test-method signature="register(java.lang.String,java.lang.String,java.lang.String,java.lang.String,java.lang.String,java.lang.String)[pri:0, instance:com.TestNGASSESSMENT.Test.TestNG.RegisterTest@76b1e9b8]" started-at="2023-10-31T13:02:03 IST" name="register" data-provider="data" finished-at="2023-10-31T13:02:13 IST" duration-ms="9998" status="PASS">
          <params>
            <param index="0">
              <value>
                <![CDATA[male ]]>
              </value>
            </param>
            <param index="1">
              <value>
                <![CDATA[logesh]]>
              </value>
            </param>
            <param index="2">
              <value>
                <![CDATA[srinivasan]]>
              </value>
            </param>
            <param index="3">
              <value>
                <![CDATA[logeshsrinivas@gmail.com]]>
              </value>
            </param>
            <param index="4">
              <value>
                <![CDATA[Logesh@11]]>
              </value>
            </param>
            <param index="5">
              <value>
                <![CDATA[Logesh@11]]>
              </value>
            </param>
          </params>
          <reporter-output>
          </reporter-output>
        </test-method> <!-- register -->
        <test-method is-config="true" signature="close()[pri:0, instance:com.TestNGASSESSMENT.Test.TestNG.RegisterTest@76b1e9b8]" started-at="2023-10-31T13:02:13 IST" name="close" finished-at="2023-10-31T13:02:13 IST" duration-ms="1" status="PASS">
          <reporter-output>
          </reporter-output>
        </test-method> <!-- close -->
      </class> <!-- com.TestNGASSESSMENT.Test.TestNG.RegisterTest -->
    </test> <!-- Test -->
  </suite> <!-- Suite -->
</testng-results>
