<?xml version="1.0" encoding="UTF-8"?>
<!-- Generated by org.testng.reporters.JUnitXMLReporter -->
<testsuite ignored="0" hostname="TMZ-DPC-2175" failures="0" tests="3" name="Default test" time="33.024" errors="0" timestamp="2023-10-31T10:03:04 IST">
  <testcase classname="com.sauceDemo.LoginTest" name="loginTest" time="0.926"/>
  <testcase classname="com.sauceDemo.LoginTest" name="loginTest" time="1.181"/>
  <testcase classname="com.sauceDemo.LoginTest" name="loginTest" time="6.144"/>
</testsuite> <!-- Default test -->
